2026-02-12 15:01:09,288 [INFO] Initializing DynamoDB tables...
2026-02-12 15:01:13,200 [INFO] Tables initialized.
2026-02-12 15:05:07,031 [INFO] Shutting down...
2026-02-12 15:05:07,875 [INFO] Initializing DynamoDB tables...
2026-02-12 15:05:12,523 [INFO] Tables initialized.
2026-02-12 15:06:04,738 [INFO] Synced metrics for blackbrookcase
2026-02-12 15:06:05,085 [INFO] Sync complete. Returning 1 accounts to frontend.
2026-02-12 15:07:37,888 [INFO] Shutting down...
2026-02-12 15:07:38,869 [INFO] Initializing DynamoDB tables...
2026-02-12 15:07:44,054 [INFO] Tables initialized.
2026-02-12 15:07:46,073 [INFO] Shutting down...
2026-02-12 15:07:46,835 [INFO] Initializing DynamoDB tables...
2026-02-12 15:07:50,120 [INFO] Tables initialized.
2026-02-12 15:08:05,670 [INFO] Shutting down...
2026-02-12 15:08:06,406 [INFO] Initializing DynamoDB tables...
2026-02-12 15:08:10,261 [INFO] Tables initialized.
2026-02-12 15:08:21,673 [INFO] Triggering sync for instagram account: blackbrookcase
2026-02-12 15:08:21,678 [INFO] Fetching user profile for blackbrookcase...
2026-02-12 15:08:22,368 [ERROR] Discovery error for blackbrookcase: Invalid OAuth access token - Cannot parse access token
2026-02-12 15:08:22,368 [INFO] Fetching insights for blackbrookcase...
2026-02-12 15:08:22,984 [ERROR] Insights error for blackbrookcase: Invalid OAuth access token - Cannot parse access token
2026-02-12 15:08:24,839 [INFO] Synced metrics for blackbrookcase
2026-02-12 15:08:25,226 [INFO] Sync complete. Returning 1 accounts to frontend.
2026-02-12 15:08:44,559 [INFO] Shutting down...
2026-02-12 15:08:45,309 [INFO] Initializing DynamoDB tables...
2026-02-12 15:08:50,644 [INFO] Tables initialized.
2026-02-12 15:11:28,006 [INFO] Shutting down...
2026-02-12 15:11:29,057 [INFO] Initializing DynamoDB tables...
2026-02-12 15:11:35,101 [INFO] Tables initialized.
2026-02-12 15:12:25,967 [INFO] Using master token from environment for blackbrookcase
2026-02-12 15:12:25,967 [INFO] Fetching user profile for blackbrookcase...
2026-02-12 15:12:26,607 [ERROR] Discovery error for blackbrookcase: (#100) Object does not exist, cannot be loaded due to missing permission or reviewable feature, or does not support this operation. This endpoint requires the 'pages_read_engagement' permission or the 'Page Public Content Access' feature or the 'Page Public Metadata Access' feature. Refer to https://developers.facebook.com/docs/apps/review/login-permissions#manage-pages, https://developers.facebook.com/docs/apps/review/feature#reference-PAGES_ACCESS and https://developers.facebook.com/docs/apps/review/feature#page-public-metadata-access for details.
2026-02-12 15:24:37,259 [INFO] Using master token from environment for blackbrookcase
2026-02-12 15:24:37,261 [INFO] Fetching user profile for blackbrookcase...
2026-02-12 15:24:37,647 [ERROR] Discovery error for blackbrookcase: (#100) Object does not exist, cannot be loaded due to missing permission or reviewable feature, or does not support this operation. This endpoint requires the 'pages_read_engagement' permission or the 'Page Public Content Access' feature or the 'Page Public Metadata Access' feature. Refer to https://developers.facebook.com/docs/apps/review/login-permissions#manage-pages, https://developers.facebook.com/docs/apps/review/feature#reference-PAGES_ACCESS and https://developers.facebook.com/docs/apps/review/feature#page-public-metadata-access for details.
2026-02-12 15:24:51,520 [INFO] Triggering sync for instagram account: blackbrookcase
2026-02-12 15:24:51,521 [INFO] Using master token from environment for blackbrookcase
2026-02-12 15:24:51,521 [INFO] Fetching user profile for blackbrookcase...
2026-02-12 15:24:51,793 [ERROR] Discovery error for blackbrookcase: (#100) Object does not exist, cannot be loaded due to missing permission or reviewable feature, or does not support this operation. This endpoint requires the 'pages_read_engagement' permission or the 'Page Public Content Access' feature or the 'Page Public Metadata Access' feature. Refer to https://developers.facebook.com/docs/apps/review/login-permissions#manage-pages, https://developers.facebook.com/docs/apps/review/feature#reference-PAGES_ACCESS and https://developers.facebook.com/docs/apps/review/feature#page-public-metadata-access for details.
2026-02-12 15:24:52,047 [INFO] Sync complete. Returning 0 accounts to frontend.
2026-02-12 15:26:44,927 [INFO] Shutting down...
2026-02-12 15:26:45,922 [INFO] Initializing DynamoDB tables...
2026-02-12 15:26:48,053 [INFO] Tables initialized.
2026-02-12 15:27:11,306 [INFO] Shutting down...
2026-02-12 15:27:12,209 [INFO] Initializing DynamoDB tables...
2026-02-12 15:27:14,325 [INFO] Tables initialized.
2026-02-12 15:27:18,168 [INFO] Shutting down...
2026-02-12 15:27:18,939 [INFO] Initializing DynamoDB tables...
2026-02-12 15:27:21,039 [INFO] Tables initialized.
2026-02-12 15:27:22,791 [INFO] Triggering sync for instagram account: blackbrookcase
2026-02-12 15:27:22,792 [INFO] Using master token from environment for blackbrookcase
2026-02-12 15:27:22,792 [INFO] Fetching user profile for blackbrookcase...
2026-02-12 15:27:23,095 [ERROR] Discovery error for blackbrookcase: (#100) Object does not exist, cannot be loaded due to missing permission or reviewable feature, or does not support this operation. This endpoint requires the 'pages_read_engagement' permission or the 'Page Public Content Access' feature or the 'Page Public Metadata Access' feature. Refer to https://developers.facebook.com/docs/apps/review/login-permissions#manage-pages, https://developers.facebook.com/docs/apps/review/feature#reference-PAGES_ACCESS and https://developers.facebook.com/docs/apps/review/feature#page-public-metadata-access for details.
2026-02-12 15:27:23,096 [WARNING] Sync failed for blackbrookcase. No data returned.
2026-02-12 15:27:23,335 [INFO] Sync complete. Returning 0 accounts to frontend.
2026-02-12 15:27:42,040 [INFO] Shutting down...
2026-02-12 15:27:45,426 [INFO] Initializing DynamoDB tables...
2026-02-12 15:27:47,567 [INFO] Tables initialized.
2026-02-12 15:27:50,734 [INFO] Triggering sync for instagram account: blackbrookcase
2026-02-12 15:27:50,735 [INFO] Using master token from environment for blackbrookcase
2026-02-12 15:27:50,736 [INFO] Fetching user profile for blackbrookcase...
2026-02-12 15:27:51,030 [ERROR] Discovery error for blackbrookcase: (#100) Object does not exist, cannot be loaded due to missing permission or reviewable feature, or does not support this operation. This endpoint requires the 'pages_read_engagement' permission or the 'Page Public Content Access' feature or the 'Page Public Metadata Access' feature. Refer to https://developers.facebook.com/docs/apps/review/login-permissions#manage-pages, https://developers.facebook.com/docs/apps/review/feature#reference-PAGES_ACCESS and https://developers.facebook.com/docs/apps/review/feature#page-public-metadata-access for details.
2026-02-12 15:27:51,032 [WARNING] Sync failed for blackbrookcase. No data returned.
2026-02-12 15:27:51,253 [INFO] Sync complete. Returning 0 accounts to frontend.
2026-02-12 15:28:40,473 [INFO] Triggering sync for instagram account: blackbrookcase
2026-02-12 15:28:40,476 [INFO] Using master token from environment for blackbrookcase
2026-02-12 15:28:40,476 [INFO] Fetching user profile for blackbrookcase...
2026-02-12 15:28:40,804 [ERROR] Discovery error for blackbrookcase: (#10) This endpoint requires the 'pages_read_engagement' permission or the 'Page Public Content Access' feature or the 'Page Public Metadata Access' feature. Refer to https://developers.facebook.com/docs/apps/review/login-permissions#manage-pages, https://developers.facebook.com/docs/apps/review/feature#reference-PAGES_ACCESS and https://developers.facebook.com/docs/apps/review/feature#page-public-metadata-access for details.
2026-02-12 15:28:40,806 [WARNING] Sync failed for blackbrookcase. No data returned.
2026-02-12 15:28:41,023 [INFO] Sync complete. Returning 0 accounts to frontend.
2026-02-12 15:29:38,314 [INFO] Shutting down...
2026-02-12 15:29:39,317 [INFO] Initializing DynamoDB tables...
2026-02-12 15:29:41,483 [INFO] Tables initialized.
2026-02-12 15:30:22,349 [INFO] Shutting down...
2026-02-12 15:30:23,999 [INFO] Initializing DynamoDB tables...
2026-02-12 15:30:26,198 [INFO] Tables initialized.
2026-02-12 15:30:35,834 [INFO] Triggering sync for instagram account: blackbrookcase
2026-02-12 15:30:35,836 [INFO] Using master token from environment for blackbrookcase
2026-02-12 15:30:35,837 [INFO] Account ID 'blackbrookcase' is not numeric. Attempting to discover Numeric ID...
2026-02-12 15:30:36,146 [ERROR] Could not find a numeric ID for username 'blackbrookcase' among connected accounts.
2026-02-12 15:30:36,146 [WARNING] Sync failed for blackbrookcase. No data returned.
2026-02-12 15:30:36,378 [INFO] Sync complete. Returning 0 accounts to frontend.
2026-02-12 15:30:59,010 [INFO] Shutting down...
2026-02-12 15:30:59,886 [INFO] Initializing DynamoDB tables...
2026-02-12 15:31:02,046 [INFO] Tables initialized.
2026-02-12 15:31:06,426 [INFO] Shutting down...
2026-02-12 15:31:07,091 [INFO] Initializing DynamoDB tables...
2026-02-12 15:31:09,176 [INFO] Tables initialized.
2026-02-12 15:31:27,410 [INFO] Triggering sync for instagram account: blackbrookcase
2026-02-12 15:31:27,417 [INFO] Using master token from environment for blackbrookcase
2026-02-12 15:31:27,417 [INFO] Account ID 'blackbrookcase' is not numeric. Attempting to discover Numeric ID...
2026-02-12 15:31:27,810 [INFO] Raw discovery response: {"data": []}
2026-02-12 15:31:27,813 [INFO] Token has access to 0 accounts: 
2026-02-12 15:31:27,813 [ERROR] Could not find a numeric ID for username 'blackbrookcase' among connected accounts.
2026-02-12 15:31:27,813 [WARNING] Sync failed for blackbrookcase. No data returned.
2026-02-12 15:31:28,042 [INFO] Sync complete. Returning 0 accounts to frontend.
2026-02-12 15:32:13,600 [INFO] Shutting down...
2026-02-12 15:32:14,631 [INFO] Initializing DynamoDB tables...
2026-02-12 15:32:16,815 [INFO] Tables initialized.
2026-02-12 15:32:22,885 [INFO] Triggering sync for instagram account: blackbrookcase
2026-02-12 15:32:22,888 [INFO] Using master token from environment for blackbrookcase
2026-02-12 15:32:22,888 [INFO] Account ID 'blackbrookcase' is not numeric. Attempting to discover Numeric ID...
2026-02-12 15:32:23,276 [INFO] Token 'me' info: {"error": {"message": "(#12) cannot_access_user_username_field is deprecated for versions v2.0 and higherusername field is deprecated for versions v2.0 and higher", "type": "OAuthException", "code": 12, "fbtrace_id": "A7FgTgM1DBG1h8pbMt_REAV"}}
2026-02-12 15:32:23,562 [INFO] Raw discovery response: {"data": []}
2026-02-12 15:32:23,562 [WARNING] No Facebook Pages found for this token. Ensure the token has 'pages_show_list' permission and the user owns pages.
2026-02-12 15:32:23,563 [INFO] Token has access to 0 accounts: 
2026-02-12 15:32:23,563 [ERROR] Could not find a numeric ID for username 'blackbrookcase' among connected accounts.
2026-02-12 15:32:23,563 [WARNING] Sync failed for blackbrookcase. No data returned.
2026-02-12 15:32:23,800 [INFO] Sync complete. Returning 0 accounts to frontend.
2026-02-12 15:32:50,131 [INFO] Shutting down...
2026-02-12 15:32:51,144 [INFO] Initializing DynamoDB tables...
2026-02-12 15:32:53,268 [INFO] Tables initialized.
2026-02-12 15:33:04,472 [INFO] Shutting down...
2026-02-12 15:33:05,208 [INFO] Initializing DynamoDB tables...
2026-02-12 15:33:07,266 [INFO] Tables initialized.
2026-02-12 15:33:23,389 [INFO] Triggering sync for instagram account: blackbrookcase
2026-02-12 15:33:23,393 [INFO] Using master token from environment for blackbrookcase
2026-02-12 15:33:23,393 [INFO] Account ID 'blackbrookcase' is not numeric. Attempting to discover Numeric ID...
2026-02-12 15:33:23,709 [INFO] Token 'me' info: {"id": "122095172841269902", "name": "Siddharth M"}
2026-02-12 15:33:24,048 [INFO] Token permissions: {"data": [{"permission": "pages_show_list", "status": "granted"}, {"permission": "pages_messaging_subscriptions", "status": "granted"}, {"permission": "instagram_manage_insights", "status": "granted"}, {"permission": "pages_read_engagement", "status": "granted"}, {"permission": "pages_manage_metadata", "status": "granted"}, {"permission": "pages_read_user_content", "status": "granted"}, {"permission": "pages_manage_engagement", "status": "granted"}, {"permission": "public_profile", "status": "granted"}]}
2026-02-12 15:33:24,382 [INFO] Raw discovery response: {"data": []}
2026-02-12 15:33:24,382 [WARNING] No Facebook Pages found for this token. Ensure the token has 'pages_show_list' permission and the user owns pages.
2026-02-12 15:33:24,383 [INFO] Token has access to 0 accounts: 
2026-02-12 15:33:24,383 [ERROR] Could not find a numeric ID for username 'blackbrookcase' among connected accounts.
2026-02-12 15:33:24,383 [WARNING] Sync failed for blackbrookcase. No data returned.
2026-02-12 15:33:24,601 [INFO] Sync complete. Returning 0 accounts to frontend.
2026-02-12 15:34:48,844 [INFO] Shutting down...
2026-02-12 15:34:49,846 [INFO] Initializing DynamoDB tables...
2026-02-12 15:34:51,978 [INFO] Tables initialized.
2026-02-12 15:34:57,298 [INFO] Triggering sync for instagram account: blackbrookcase
2026-02-12 15:34:57,301 [INFO] Using master token from environment for blackbrookcase
2026-02-12 15:34:57,302 [INFO] Account ID 'blackbrookcase' is not numeric. Attempting to discover Numeric ID...
2026-02-12 15:34:57,616 [INFO] Token 'me' info: {"error": {"message": "(#100) Tried accessing nonexisting field (instagram_business_account) on node type (User)", "type": "OAuthException", "code": 100, "fbtrace_id": "AXHKLQZcxyu3Or5yo_EtKSR"}}
2026-02-12 15:34:57,895 [INFO] Token permissions: {"data": [{"permission": "pages_show_list", "status": "granted"}, {"permission": "pages_messaging_subscriptions", "status": "granted"}, {"permission": "instagram_manage_insights", "status": "granted"}, {"permission": "pages_read_engagement", "status": "granted"}, {"permission": "pages_manage_metadata", "status": "granted"}, {"permission": "pages_read_user_content", "status": "granted"}, {"permission": "pages_manage_engagement", "status": "granted"}, {"permission": "public_profile", "status": "granted"}]}
2026-02-12 15:34:58,224 [INFO] Raw Page discovery response: {"data": []}
2026-02-12 15:34:58,224 [WARNING] No Facebook Pages or direct IG accounts found for this token.
2026-02-12 15:34:58,224 [INFO] HELP: Ensure the Instagram account is a Professional/Business account AND connected to a Facebook Page.
2026-02-12 15:34:58,227 [INFO] Token has access to 0 accounts: 
2026-02-12 15:34:58,227 [ERROR] Could not find a numeric ID for username 'blackbrookcase' among connected accounts.
2026-02-12 15:34:58,227 [WARNING] Sync failed for blackbrookcase. No data returned.
2026-02-12 15:34:58,455 [INFO] Sync complete. Returning 0 accounts to frontend.
2026-02-12 15:35:55,327 [INFO] Triggering sync for instagram account: blackbrookcase
2026-02-12 15:35:55,328 [INFO] Using master token from environment for blackbrookcase
2026-02-12 15:35:55,328 [INFO] Account ID 'blackbrookcase' is not numeric. Attempting to discover Numeric ID...
2026-02-12 15:35:55,676 [INFO] Token 'me' info: {"error": {"message": "(#100) Tried accessing nonexisting field (instagram_business_account) on node type (User)", "type": "OAuthException", "code": 100, "fbtrace_id": "ACWC32Bs9QyHbRrgXUL-H-U"}}
2026-02-12 15:35:55,977 [INFO] Token permissions: {"data": [{"permission": "pages_show_list", "status": "granted"}, {"permission": "pages_messaging_subscriptions", "status": "granted"}, {"permission": "instagram_manage_insights", "status": "granted"}, {"permission": "pages_read_engagement", "status": "granted"}, {"permission": "pages_manage_metadata", "status": "granted"}, {"permission": "pages_read_user_content", "status": "granted"}, {"permission": "pages_manage_engagement", "status": "granted"}, {"permission": "public_profile", "status": "granted"}]}
2026-02-12 15:35:56,257 [INFO] Raw Page discovery response: {"data": []}
2026-02-12 15:35:56,258 [WARNING] No Facebook Pages or direct IG accounts found for this token.
2026-02-12 15:35:56,258 [INFO] HELP: Ensure the Instagram account is a Professional/Business account AND connected to a Facebook Page.
2026-02-12 15:35:56,272 [INFO] Token has access to 0 accounts: 
2026-02-12 15:35:56,272 [ERROR] Could not find a numeric ID for username 'blackbrookcase' among connected accounts.
2026-02-12 15:35:56,272 [WARNING] Sync failed for blackbrookcase. No data returned.
2026-02-12 15:35:56,503 [INFO] Sync complete. Returning 0 accounts to frontend.
2026-02-12 15:39:57,299 [INFO] Triggering sync for instagram account: blackbrookcase
2026-02-12 15:39:57,302 [INFO] Using master token from environment for blackbrookcase
2026-02-12 15:39:57,302 [INFO] Account ID 'blackbrookcase' is not numeric. Attempting to discover Numeric ID...
2026-02-12 15:39:57,581 [INFO] Token 'me' info: {"error": {"message": "(#100) Tried accessing nonexisting field (instagram_business_account) on node type (User)", "type": "OAuthException", "code": 100, "fbtrace_id": "A9hMoVmPwm5df6jA5RhOwRH"}}
2026-02-12 15:39:57,898 [INFO] Token permissions: {"data": [{"permission": "pages_show_list", "status": "granted"}, {"permission": "pages_messaging_subscriptions", "status": "granted"}, {"permission": "instagram_basic", "status": "granted"}, {"permission": "instagram_manage_insights", "status": "granted"}, {"permission": "pages_read_engagement", "status": "granted"}, {"permission": "pages_manage_metadata", "status": "granted"}, {"permission": "pages_read_user_content", "status": "granted"}, {"permission": "pages_manage_engagement", "status": "granted"}, {"permission": "public_profile", "status": "granted"}]}
2026-02-12 15:39:58,221 [INFO] Raw Page discovery response: {"data": []}
2026-02-12 15:39:58,222 [WARNING] No Facebook Pages or direct IG accounts found for this token.
2026-02-12 15:39:58,222 [INFO] HELP: Ensure the Instagram account is a Professional/Business account AND connected to a Facebook Page.
2026-02-12 15:39:58,225 [INFO] Token has access to 0 accounts: 
2026-02-12 15:39:58,226 [ERROR] Could not find a numeric ID for username 'blackbrookcase' among connected accounts.
2026-02-12 15:39:58,226 [WARNING] Sync failed for blackbrookcase. No data returned.
2026-02-12 15:39:58,460 [INFO] Sync complete. Returning 0 accounts to frontend.
2026-02-12 15:40:53,449 [INFO] Shutting down...
2026-02-12 15:40:54,488 [INFO] Initializing DynamoDB tables...
2026-02-12 15:40:56,626 [INFO] Tables initialized.
2026-02-12 15:41:01,734 [INFO] Triggering sync for instagram account: blackbrookcase
2026-02-12 15:41:01,742 [INFO] Using master token from environment for blackbrookcase
2026-02-12 15:41:01,742 [INFO] Account ID 'blackbrookcase' is not numeric. Attempting to discover Numeric ID...
2026-02-12 15:41:02,046 [INFO] Token 'me' info: {"error": {"message": "(#100) Tried accessing nonexisting field (instagram_business_account) on node type (User)", "type": "OAuthException", "code": 100, "fbtrace_id": "AY_lLP3el4cM2YCSwIZNBjJ"}}
2026-02-12 15:41:02,347 [INFO] Token permissions: {"data": [{"permission": "pages_show_list", "status": "granted"}, {"permission": "pages_messaging_subscriptions", "status": "granted"}, {"permission": "instagram_basic", "status": "granted"}, {"permission": "instagram_manage_insights", "status": "granted"}, {"permission": "pages_read_engagement", "status": "granted"}, {"permission": "pages_manage_metadata", "status": "granted"}, {"permission": "pages_read_user_content", "status": "granted"}, {"permission": "pages_manage_engagement", "status": "granted"}, {"permission": "public_profile", "status": "granted"}]}
2026-02-12 15:41:02,629 [INFO] Raw Page discovery response: {"data": []}
2026-02-12 15:41:02,940 [INFO] Business Manager check: {"error": {"message": "(#100) Missing Permission", "type": "OAuthException", "code": 100, "fbtrace_id": "AtGs4UbuziqNsmrGhCl4bMZ"}}
2026-02-12 15:41:02,941 [WARNING] No Facebook Pages or direct IG accounts found for this token.
2026-02-12 15:41:02,941 [INFO] CRITICAL: Instagram Business accounts MUST be linked to a Facebook Page to appear here.
2026-02-12 15:41:02,941 [INFO] ACTION: Go to IG App > Settings > Sharing to other apps > Facebook and connect a Page.
2026-02-12 15:41:02,944 [INFO] Token has access to 0 accounts: 
2026-02-12 15:41:02,944 [ERROR] Could not find a numeric ID for username 'blackbrookcase' among connected accounts.
2026-02-12 15:41:02,944 [WARNING] Sync failed for blackbrookcase. No data returned.
2026-02-12 15:41:03,172 [INFO] Sync complete. Returning 0 accounts to frontend.
2026-02-12 15:41:45,990 [INFO] Triggering sync for instagram account: blackbrookcase
2026-02-12 15:41:45,991 [INFO] Using master token from environment for blackbrookcase
2026-02-12 15:41:45,991 [INFO] Account ID 'blackbrookcase' is not numeric. Attempting to discover Numeric ID...
2026-02-12 15:41:46,333 [INFO] Token 'me' info: {"error": {"message": "(#100) Tried accessing nonexisting field (instagram_business_account) on node type (User)", "type": "OAuthException", "code": 100, "fbtrace_id": "AXJUP6VyYg1zfyCf5SWkicZ"}}
2026-02-12 15:41:46,665 [INFO] Token permissions: {"data": [{"permission": "pages_show_list", "status": "granted"}, {"permission": "pages_messaging_subscriptions", "status": "granted"}, {"permission": "instagram_basic", "status": "granted"}, {"permission": "instagram_manage_insights", "status": "granted"}, {"permission": "pages_read_engagement", "status": "granted"}, {"permission": "pages_manage_metadata", "status": "granted"}, {"permission": "pages_read_user_content", "status": "granted"}, {"permission": "pages_manage_engagement", "status": "granted"}, {"permission": "public_profile", "status": "granted"}]}
2026-02-12 15:41:47,010 [INFO] Raw Page discovery response: {"data": []}
2026-02-12 15:41:47,379 [INFO] Business Manager check: {"error": {"message": "(#100) Missing Permission", "type": "OAuthException", "code": 100, "fbtrace_id": "AGsYCDceBdlChJSnvGoqZCP"}}
2026-02-12 15:41:47,379 [WARNING] No Facebook Pages or direct IG accounts found for this token.
2026-02-12 15:41:47,379 [INFO] CRITICAL: Instagram Business accounts MUST be linked to a Facebook Page to appear here.
2026-02-12 15:41:47,379 [INFO] ACTION: Go to IG App > Settings > Sharing to other apps > Facebook and connect a Page.
2026-02-12 15:41:47,382 [INFO] Token has access to 0 accounts: 
2026-02-12 15:41:47,382 [ERROR] Could not find a numeric ID for username 'blackbrookcase' among connected accounts.
2026-02-12 15:41:47,382 [WARNING] Sync failed for blackbrookcase. No data returned.
2026-02-12 15:41:47,609 [INFO] Sync complete. Returning 0 accounts to frontend.
2026-02-12 15:43:16,495 [INFO] Shutting down...
2026-02-12 15:43:17,484 [INFO] Initializing DynamoDB tables...
2026-02-12 15:43:19,624 [INFO] Tables initialized.
2026-02-12 15:59:09,061 [INFO] Shutting down...
2026-02-12 15:59:10,123 [INFO] Initializing DynamoDB tables...
2026-02-12 15:59:12,286 [INFO] Tables initialized.
2026-02-12 15:59:17,937 [INFO] Shutting down...
2026-02-12 15:59:18,843 [INFO] Initializing DynamoDB tables...
2026-02-12 15:59:21,019 [INFO] Tables initialized.
2026-02-12 16:30:42,249 [INFO] Shutting down...
2026-02-12 16:30:43,300 [INFO] Initializing DynamoDB tables...
2026-02-12 16:30:45,364 [INFO] Tables initialized.
2026-02-12 16:30:57,994 [INFO] Shutting down...
2026-02-12 16:30:58,693 [INFO] Initializing DynamoDB tables...
2026-02-12 16:31:00,862 [INFO] Tables initialized.
2026-02-12 16:31:09,951 [INFO] Shutting down...
2026-02-12 16:31:10,636 [INFO] Initializing DynamoDB tables...
2026-02-12 16:31:12,927 [INFO] Tables initialized.
2026-02-12 16:31:50,015 [INFO] Shutting down...
2026-02-12 16:31:50,801 [INFO] Initializing DynamoDB tables...
2026-02-12 16:31:52,949 [INFO] Tables initialized.
2026-02-12 17:13:01,793 [INFO] Shutting down...
2026-02-12 17:13:12,767 [INFO] Initializing DynamoDB tables...
2026-02-12 17:13:14,902 [INFO] Tables initialized.
2026-02-12 17:13:21,586 [INFO] Shutting down...
2026-02-12 17:13:22,252 [INFO] Initializing DynamoDB tables...
2026-02-12 17:13:24,360 [INFO] Tables initialized.
2026-02-12 17:14:04,854 [INFO] Shutting down...
2026-02-12 17:14:05,819 [INFO] Initializing DynamoDB tables...
2026-02-12 17:14:07,993 [INFO] Tables initialized.
2026-02-12 17:14:42,216 [INFO] Shutting down...
2026-02-12 17:14:42,945 [INFO] Initializing DynamoDB tables...
2026-02-12 17:14:45,306 [INFO] Tables initialized.
2026-02-12 17:15:06,838 [INFO] Shutting down...
2026-02-12 17:15:07,748 [INFO] Initializing DynamoDB tables...
2026-02-12 17:15:09,824 [INFO] Tables initialized.
2026-02-12 17:16:51,038 [INFO] Shutting down...
2026-02-12 17:16:52,029 [INFO] Initializing DynamoDB tables...
2026-02-12 17:16:54,270 [INFO] Tables initialized.
2026-02-12 17:20:23,797 [INFO] Shutting down...
2026-02-12 17:20:24,826 [INFO] Initializing DynamoDB tables...
2026-02-12 17:20:27,174 [INFO] Tables initialized.
2026-02-12 17:23:33,114 [INFO] Shutting down...
2026-02-12 17:23:34,275 [INFO] Initializing DynamoDB tables...
2026-02-12 17:23:36,375 [INFO] Tables initialized.
2026-02-12 17:23:40,020 [INFO] Shutting down...
2026-02-12 17:23:40,799 [INFO] Initializing DynamoDB tables...
2026-02-12 17:23:42,902 [INFO] Tables initialized.
2026-02-12 17:24:46,288 [INFO] Shutting down...
2026-02-12 17:24:47,291 [INFO] Initializing DynamoDB tables...
2026-02-12 17:24:49,547 [INFO] Tables initialized.
2026-02-12 17:25:19,912 [INFO] Shutting down...
2026-02-12 17:25:20,694 [INFO] Initializing DynamoDB tables...
2026-02-12 17:25:22,840 [INFO] Tables initialized.
2026-02-12 17:26:01,301 [INFO] Shutting down...
2026-02-12 17:26:02,503 [INFO] Initializing DynamoDB tables...
2026-02-12 17:26:04,736 [INFO] Tables initialized.
2026-02-12 17:26:19,786 [INFO] Shutting down...
2026-02-12 17:26:20,631 [INFO] Initializing DynamoDB tables...
2026-02-12 17:26:22,800 [INFO] Tables initialized.
2026-02-12 17:26:34,466 [INFO] Shutting down...
2026-02-12 17:26:35,514 [INFO] Initializing DynamoDB tables...
2026-02-12 17:26:37,674 [INFO] Tables initialized.
2026-02-12 17:30:25,647 [INFO] Shutting down...
2026-02-12 17:30:26,651 [INFO] Initializing DynamoDB tables...
2026-02-12 17:30:28,762 [INFO] Tables initialized.
2026-02-12 17:31:00,550 [INFO] Shutting down...
2026-02-12 17:31:01,502 [INFO] Initializing DynamoDB tables...
2026-02-12 17:31:03,630 [INFO] Tables initialized.
2026-02-12 17:31:18,083 [INFO] Shutting down...
2026-02-12 17:31:18,826 [INFO] Initializing DynamoDB tables...
2026-02-12 17:31:20,965 [INFO] Tables initialized.
2026-02-12 17:31:52,694 [INFO] Shutting down...
2026-02-12 17:31:53,592 [INFO] Initializing DynamoDB tables...
2026-02-12 17:31:55,879 [INFO] Tables initialized.
2026-02-12 17:32:07,871 [INFO] Triggering sync for instagram account: blackbrookcase
2026-02-12 17:32:07,875 [INFO] Using master token from environment for blackbrookcase
2026-02-12 17:32:07,875 [INFO] Account ID 'blackbrookcase' is not numeric. Attempting to discover Numeric ID...
2026-02-12 17:32:08,413 [INFO] Token 'me' info: {"error": {"message": "Error validating access token: Session has expired on Thursday, 12-Feb-26 03:00:00 PST. The current time is Thursday, 12-Feb-26 04:02:08 PST.", "type": "OAuthException", "code": 190, "error_subcode": 463, "fbtrace_id": "A1Gs7pxNgHbnGTHZBhE_bw1"}}
2026-02-12 17:32:08,676 [INFO] Token permissions: {"error": {"message": "Error validating access token: Session has expired on Thursday, 12-Feb-26 03:00:00 PST. The current time is Thursday, 12-Feb-26 04:02:08 PST.", "type": "OAuthException", "code": 190, "error_subcode": 463, "fbtrace_id": "APHuDDWZ6haKuVcKCtPJi58"}}
2026-02-12 17:32:08,926 [ERROR] Error fetching connected accounts: Error validating access token: Session has expired on Thursday, 12-Feb-26 03:00:00 PST. The current time is Thursday, 12-Feb-26 04:02:08 PST.
2026-02-12 17:32:08,927 [INFO] Token has access to 0 accounts: 
2026-02-12 17:32:08,927 [ERROR] Could not find a numeric ID for username 'blackbrookcase' among connected accounts.
2026-02-12 17:32:08,927 [WARNING] Sync failed for blackbrookcase. No data returned.
2026-02-12 17:32:08,927 [INFO] Triggering sync for pinterest account: BlackBrookCase
2026-02-12 17:32:09,573 [INFO] Pinterest raw analytics response: {"all": {"summary_metrics": {"VIDEO_MRC_VIEW": 1616, "QUARTILE_95_PERCENT_VIEW": 149, "PIN_CLICK_RATE": 0.022979107339216737, "OUTBOUND_CLICK": 31, "PIN_CLICK": 815, "VIDEO_V50_WATCH_TIME": 21154589, "ENGAGEMENT": 913, "IMPRESSION": 35467, "ENGAGEMENT_RATE": 0.025742239264668565, "SAVE": 83, "VIDEO_10S_VIEW": 300, "VIDEO_START": 2589, "OUTBOUND_CLICK_RATE": 0.000874051935602109, "SAVE_RATE": 0.002340203569515324, "VIDEO_AVG_WATCH_TIME": 8170.949787562766}, "daily_metrics": [{"date": "2026-01-13", "data_status": "READY", "metrics": {"VIDEO_MRC_VIEW": 17, "QUARTILE_95_PERCENT_VIEW": 1, "PIN_CLICK_RATE": 0.02040816326530612, "OUTBOUND_CLICK": 1, "PIN_CLICK": 11, "VIDEO_V50_WATCH_TIME": 114465, "ENGAGEMENT": 13, "IMPRESSION": 539, "ENGAGEMENT_RATE": 0.02411873840445269, "SAVE": 1, "VIDEO_10S_VIEW": 0, "VIDEO_START": 31, "OUTBOUND_CLICK_RATE": 0.0018552875695732839, "SAVE_RATE": 0.0018552875695732839, "VIDEO_AVG_WATCH_TIME": 3692.4193548387098}}, {"date": "2026-01-14", "data_status": "READY", "metrics": {"VIDEO_MRC_VIEW": 25, "QUARTILE_95_PERCENT_VIEW": 2, "PIN_CLICK_RATE": 0.018396846254927726, "OUTBOUND_CLICK": 0, "PIN_CLICK": 14, "VIDEO_V50_WATCH_TIME": 301240, "ENGAGEMENT": 19, "IMPRESSION": 761, "ENGAGEMENT_RATE": 0.024967148488830485, "SAVE": 5, "VIDEO_10S_VIEW": 5, "VIDEO_START": 41, "OUTBOUND_CLICK_RATE": 0.0, "SAVE_RATE": 0.006570302233902759, "VIDEO_AVG_WATCH_TIME": 7347.317073170731}}, {"date": "2026-01-15", "data_status": "READY", "metrics": {"VIDEO_MRC_VIEW": 30, "QUARTILE_95_PERCENT_VIEW": 8, "PIN_CLICK_RATE": 0.024494142705005325, "OUTBOUND_CLICK": 0, "PIN_CLICK": 23, "VIDEO_V50_WATCH_TIME": 321635, "ENGAGEMENT": 24, "IMPRESSION": 939, "ENGAGEMENT_RATE": 0.025559105431309903, "SAVE": 2, "VIDEO_10S_VIEW": 7, "VIDEO_START": 67, "OUTBOUND_CLICK_RATE": 0.0, "SAVE_RATE": 0.002129925452609159, "VIDEO_AVG_WATCH_TIME": 4800.522388059701}}, {"date": "2026-01-16", "data_status": "READY", "metrics": {"VIDEO_MRC_VIEW": 38, "QUARTILE_95_PERCENT_VIEW": 8, "PIN_CLICK_RATE": 0.022411953041622197, "OUTBOUND_CLICK": 1, "PIN_CLICK": 21, "VIDEO_V50_WATCH_TIME": 520691, "ENGAGEMENT": 24, "IMPRESSION": 937, "ENGAGEMENT_RATE": 0.025613660618996798, "SAVE": 2, "VIDEO_10S_VIEW": 4, "VIDEO_START": 66, "OUTBOUND_CLICK_RATE": 0.0010672358591248667, "SAVE_RATE": 0.0021344717182497333, "VIDEO_AVG_WATCH_TIME": 7889.257575757576}}, {"date": "2026-01-17", "data_status": "READY", "metrics": {"VIDEO_MRC_VIEW": 31, "QUARTILE_95_PERCENT_VIEW": 2, "PIN_CLICK_RATE": 0.02679830747531735, "OUTBOUND_CLICK": 3, "PIN_CLICK": 19, "VIDEO_V50_WATCH_TIME": 573673, "ENGAGEMENT": 23, "IMPRESSION": 709, "ENGAGEMENT_RATE": 0.03244005641748942, "SAVE": 1, "VIDEO_10S_VIEW": 7, "VIDEO_START": 53, "OUTBOUND_CLICK_RATE": 0.004231311706629055, "SAVE_RATE": 0.0014104372355430183, "VIDEO_AVG_WATCH_TIME": 10824.018867924528}}, {"date": "2026-01-18", "data_status": "READY", "metrics": {"VIDEO_MRC_VIEW": 30, "QUARTILE_95_PERCENT_VIEW": 0, "PIN_CLICK_RATE": 0.02771618625277162, "OUTBOUND_CLICK": 0, "PIN_CLICK": 25, "VIDEO_V50_WATCH_TIME": 297662, "ENGAGEMENT": 29, "IMPRESSION": 902, "ENGAGEMENT_RATE": 0.03215077605321508, "SAVE": 2, "VIDEO_10S_VIEW": 4, "VIDEO_START": 57, "OUTBOUND_CLICK_RATE": 0.0, "SAVE_RATE": 0.0022172949002217295, "VIDEO_AVG_WATCH_TIME": 5222.140350877193}}, {"date": "2026-01-19", "data_status": "READY", "metrics": {"VIDEO_MRC_VIEW": 43, "QUARTILE_95_PERCENT_VIEW": 4, "PIN_CLICK_RATE": 0.01610644257703081, "OUTBOUND_CLICK": 0, "PIN_CLICK": 23, "VIDEO_V50_WATCH_TIME": 394527, "ENGAGEMENT": 24, "IMPRESSION": 1428, "ENGAGEMENT_RATE": 0.01680672268907563, "SAVE": 1, "VIDEO_10S_VIEW": 4, "VIDEO_START": 86, "OUTBOUND_CLICK_RATE": 0.0, "SAVE_RATE": 0.0007002801120448179, "VIDEO_AVG_WATCH_TIME": 4587.523255813953}}, {"date": "2026-01-20", "data_status": "READY", "metrics": {"VIDEO_MRC_VIEW": 50, "QUARTILE_95_PERCENT_VIEW": 6, "PIN_CLICK_RATE": 0.0255500354861604, "OUTBOUND_CLICK": 2, "PIN_CLICK": 36, "VIDEO_V50_WATCH_TIME": 512737, "ENGAGEMENT": 38, "IMPRESSION": 1409, "ENGAGEMENT_RATE": 0.0269694819020582, "SAVE": 3, "VIDEO_10S_VIEW": 9, "VIDEO_START": 77, "OUTBOUND_CLICK_RATE": 0.0014194464158978, "SAVE_RATE": 0.0021291696238466998, "VIDEO_AVG_WATCH_TIME": 6658.922077922078}}, {"date": "2026-01-21", "data_status": "READY", "metrics": {"VIDEO_MRC_VIEW": 47, "QUARTILE_95_PERCENT_VIEW": 5, "PIN_CLICK_RATE": 0.021137026239067054, "OUTBOUND_CLICK": 0, "PIN_CLICK": 29, "VIDEO_V50_WATCH_TIME": 544339, "ENGAGEMENT": 35, "IMPRESSION": 1372, "ENGAGEMENT_RATE": 0.025510204081632654, "SAVE": 6, "VIDEO_10S_VIEW": 7, "VIDEO_START": 77, "OUTBOUND_CLICK_RATE": 0.0, "SAVE_RATE": 0.004373177842565598, "VIDEO_AVG_WATCH_TIME": 7069.337662337663}}, {"date": "2026-01-22", "data_status": "READY", "metrics": {"VIDEO_MRC_VIEW": 51, "QUARTILE_95_PERCENT_VIEW": 8, "PIN_CLICK_RATE": 0.01505856107083101, "OUTBOUND_CLICK": 0, "PIN_CLICK": 27, "VIDEO_V50_WATCH_TIME": 828226, "ENGAGEMENT": 31, "IMPRESSION": 1793, "ENGAGEMENT_RATE": 0.01728945900725042, "SAVE": 4, "VIDEO_10S_VIEW": 9, "VIDEO_START": 81, "OUTBOUND_CLICK_RATE": 0.0, "SAVE_RATE": 0.002230897936419409, "VIDEO_AVG_WATCH_TIME": 10225.012345679012}}, {"date": "2026-01-23", "data_status": "READY", "metrics": {"VIDEO_MRC_VIEW": 46, "QUARTILE_95_PERCENT_VIEW": 7, "PIN_CLICK_RATE": 0.016181229773462782, "OUTBOUND_CLICK": 1, "PIN_CLICK": 25, "VIDEO_V50_WATCH_TIME": 487422, "ENGAGEMENT": 28, "IMPRESSION": 1545, "ENGAGEMENT_RATE": 0.018122977346278317, "SAVE": 3, "VIDEO_10S_VIEW": 6, "VIDEO_START": 73, "OUTBOUND_CLICK_RATE": 0.0006472491909385113, "SAVE_RATE": 0.001941747572815534, "VIDEO_AVG_WATCH_TIME": 6677.013698630137}}, {"date": "2026-01-24", "data_status": "READY", "metrics": {"VIDEO_MRC_VIEW": 47, "QUARTILE_95_PERCENT_VIEW": 4, "PIN_CLICK_RATE": 0.02547169811320755, "OUTBOUND_CLICK": 0, "PIN_CLICK": 27, "VIDEO_V50_WATCH_TIME": 444737, "ENGAGEMENT": 29, "IMPRESSION": 1060, "ENGAGEMENT_RATE": 0.027358490566037737, "SAVE": 2, "VIDEO_10S_VIEW": 8, "VIDEO_START": 61, "OUTBOUND_CLICK_RATE": 0.0, "SAVE_RATE": 0.0018867924528301887, "VIDEO_AVG_WATCH_TIME": 7290.770491803279}}, {"date": "2026-01-25", "data_status": "READY", "metrics": {"VIDEO_MRC_VIEW": 17, "QUARTILE_95_PERCENT_VIEW": 2, "PIN_CLICK_RATE": 0.014184397163120567, "OUTBOUND_CLICK": 1, "PIN_CLICK": 22, "VIDEO_V50_WATCH_TIME": 207309, "ENGAGEMENT": 29, "IMPRESSION": 1551, "ENGAGEMENT_RATE": 0.018697614442295292, "SAVE": 6, "VIDEO_10S_VIEW": 4, "VIDEO_START": 31, "OUTBOUND_CLICK_RATE": 0.0006447453255963894, "SAVE_RATE": 0.0038684719535783366, "VIDEO_AVG_WATCH_TIME": 6687.387096774193}}, {"date": "2026-01-26", "data_status": "READY", "metrics": {"VIDEO_MRC_VIEW": 49, "QUARTILE_95_PERCENT_VIEW": 4, "PIN_CLICK_RATE": 0.020113460546673543, "OUTBOUND_CLICK": 2, "PIN_CLICK": 39, "VIDEO_V50_WATCH_TIME": 509206, "ENGAGEMENT": 49, "IMPRESSION": 1939, "ENGAGEMENT_RATE": 0.02527075812274368, "SAVE": 8, "VIDEO_10S_VIEW": 8, "VIDEO_START": 84, "OUTBOUND_CLICK_RATE": 0.0010314595152140279, "SAVE_RATE": 0.0041258380608561115, "VIDEO_AVG_WATCH_TIME": 6061.976190476191}}, {"date": "2026-01-27", "data_status": "READY", "metrics": {"VIDEO_MRC_VIEW": 41, "QUARTILE_95_PERCENT_VIEW": 4, "PIN_CLICK_RATE": 0.01627906976744186, "OUTBOUND_CLICK": 0, "PIN_CLICK": 28, "VIDEO_V50_WATCH_TIME": 375858, "ENGAGEMENT": 31, "IMPRESSION": 1720, "ENGAGEMENT_RATE": 0.01802325581395349, "SAVE": 3, "VIDEO_10S_VIEW": 6, "VIDEO_START": 76, "OUTBOUND_CLICK_RATE": 0.0, "SAVE_RATE": 0.0017441860465116279, "VIDEO_AVG_WATCH_TIME": 4945.5}}, {"date": "2026-01-28", "data_status": "READY", "metrics": {"VIDEO_MRC_VIEW": 59, "QUARTILE_95_PERCENT_VIEW": 6, "PIN_CLICK_RATE": 0.017167381974248927, "OUTBOUND_CLICK": 0, "PIN_CLICK": 20, "VIDEO_V50_WATCH_TIME": 566095, "ENGAGEMENT": 22, "IMPRESSION": 1165, "ENGAGEMENT_RATE": 0.01888412017167382, "SAVE": 3, "VIDEO_10S_VIEW": 7, "VIDEO_START": 78, "OUTBOUND_CLICK_RATE": 0.0, "SAVE_RATE": 0.002575107296137339, "VIDEO_AVG_WATCH_TIME": 7257.628205128205}}, {"date": "2026-01-29", "data_status": "READY", "metrics": {"VIDEO_MRC_VIEW": 80, "QUARTILE_95_PERCENT_VIEW": 7, "PIN_CLICK_RATE": 0.031141868512110725, "OUTBOUND_CLICK": 2, "PIN_CLICK": 36, "VIDEO_V50_WATCH_TIME": 1269570, "ENGAGEMENT": 41, "IMPRESSION": 1156, "ENGAGEMENT_RATE": 0.03546712802768166, "SAVE": 4, "VIDEO_10S_VIEW": 22, "VIDEO_START": 112, "OUTBOUND_CLICK_RATE": 0.0017301038062283738, "SAVE_RATE": 0.0034602076124567475, "VIDEO_AVG_WATCH_TIME": 11335.44642857143}}, {"date": "2026-01-30", "data_status": "READY", "metrics": {"VIDEO_MRC_VIEW": 75, "QUARTILE_95_PERCENT_VIEW": 6, "PIN_CLICK_RATE": 0.02468085106382979, "OUTBOUND_CLICK": 2, "PIN_CLICK": 29, "VIDEO_V50_WATCH_TIME": 774318, "ENGAGEMENT": 29, "IMPRESSION": 1175, "ENGAGEMENT_RATE": 0.02468085106382979, "SAVE": 2, "VIDEO_10S_VIEW": 15, "VIDEO_START": 101, "OUTBOUND_CLICK_RATE": 0.001702127659574468, "SAVE_RATE": 0.001702127659574468, "VIDEO_AVG_WATCH_TIME": 7666.514851485149}}, {"date": "2026-01-31", "data_status": "READY", "metrics": {"VIDEO_MRC_VIEW": 73, "QUARTILE_95_PERCENT_VIEW": 4, "PIN_CLICK_RATE": 0.03177570093457944, "OUTBOUND_CLICK": 1, "PIN_CLICK": 34, "VIDEO_V50_WATCH_TIME": 588894, "ENGAGEMENT": 38, "IMPRESSION": 1070, "ENGAGEMENT_RATE": 0.03551401869158879, "SAVE": 2, "VIDEO_10S_VIEW": 12, "VIDEO_START": 94, "OUTBOUND_CLICK_RATE": 0.0009345794392523365, "SAVE_RATE": 0.001869158878504673, "VIDEO_AVG_WATCH_TIME": 6264.829787234043}}, {"date": "2026-02-01", "data_status": "READY", "metrics": {"VIDEO_MRC_VIEW": 50, "QUARTILE_95_PERCENT_VIEW": 1, "PIN_CLICK_RATE": 0.022797927461139896, "OUTBOUND_CLICK": 0, "PIN_CLICK": 22, "VIDEO_V50_WATCH_TIME": 415219, "ENGAGEMENT": 25, "IMPRESSION": 965, "ENGAGEMENT_RATE": 0.025906735751295335, "SAVE": 3, "VIDEO_10S_VIEW": 5, "VIDEO_START": 77, "OUTBOUND_CLICK_RATE": 0.0, "SAVE_RATE": 0.0031088082901554403, "VIDEO_AVG_WATCH_TIME": 5392.454545454545}}, {"date": "2026-02-02", "data_status": "READY", "metrics": {"VIDEO_MRC_VIEW": 100, "QUARTILE_95_PERCENT_VIEW": 6, "PIN_CLICK_RATE": 0.023977433004231313, "OUTBOUND_CLICK": 1, "PIN_CLICK": 34, "VIDEO_V50_WATCH_TIME": 3814407, "ENGAGEMENT": 37, "IMPRESSION": 1418, "ENGAGEMENT_RATE": 0.02609308885754584, "SAVE": 3, "VIDEO_10S_VIEW": 21, "VIDEO_START": 182, "OUTBOUND_CLICK_RATE": 0.0007052186177715092, "SAVE_RATE": 0.0021156558533145277, "VIDEO_AVG_WATCH_TIME": 20958.28021978022}}, {"date": "2026-02-03", "data_status": "READY", "metrics": {"VIDEO_MRC_VIEW": 100, "QUARTILE_95_PERCENT_VIEW": 8, "PIN_CLICK_RATE": 0.027706185567010308, "OUTBOUND_CLICK": 2, "PIN_CLICK": 43, "VIDEO_V50_WATCH_TIME": 1362560, "ENGAGEMENT": 46, "IMPRESSION": 1552, "ENGAGEMENT_RATE": 0.029639175257731958, "SAVE": 1, "VIDEO_10S_VIEW": 23, "VIDEO_START": 168, "OUTBOUND_CLICK_RATE": 0.001288659793814433, "SAVE_RATE": 0.0006443298969072165, "VIDEO_AVG_WATCH_TIME": 8110.476190476191}}, {"date": "2026-02-04", "data_status": "READY", "metrics": {"VIDEO_MRC_VIEW": 111, "QUARTILE_95_PERCENT_VIEW": 6, "PIN_CLICK_RATE": 0.02445141065830721, "OUTBOUND_CLICK": 2, "PIN_CLICK": 39, "VIDEO_V50_WATCH_TIME": 1131472, "ENGAGEMENT": 41, "IMPRESSION": 1595, "ENGAGEMENT_RATE": 0.025705329153605017, "SAVE": 2, "VIDEO_10S_VIEW": 19, "VIDEO_START": 189, "OUTBOUND_CLICK_RATE": 0.0012539184952978057, "SAVE_RATE": 0.0012539184952978057, "VIDEO_AVG_WATCH_TIME": 5986.624338624339}}, {"date": "2026-02-05", "data_status": "READY", "metrics": {"VIDEO_MRC_VIEW": 94, "QUARTILE_95_PERCENT_VIEW": 11, "PIN_CLICK_RATE": 0.022968197879858657, "OUTBOUND_CLICK": 2, "PIN_CLICK": 39, "VIDEO_V50_WATCH_TIME": 1692858, "ENGAGEMENT": 43, "IMPRESSION": 1698, "ENGAGEMENT_RATE": 0.025323910482921083, "SAVE": 2, "VIDEO_10S_VIEW": 22, "VIDEO_START": 150, "OUTBOUND_CLICK_RATE": 0.001177856301531213, "SAVE_RATE": 0.001177856301531213, "VIDEO_AVG_WATCH_TIME": 11285.72}}, {"date": "2026-02-06", "data_status": "READY", "metrics": {"VIDEO_MRC_VIEW": 62, "QUARTILE_95_PERCENT_VIEW": 8, "PIN_CLICK_RATE": 0.01873327386262266, "OUTBOUND_CLICK": 2, "PIN_CLICK": 21, "VIDEO_V50_WATCH_TIME": 649546, "ENGAGEMENT": 26, "IMPRESSION": 1121, "ENGAGEMENT_RATE": 0.0231935771632471, "SAVE": 3, "VIDEO_10S_VIEW": 15, "VIDEO_START": 98, "OUTBOUND_CLICK_RATE": 0.001784121320249777, "SAVE_RATE": 0.0026761819803746653, "VIDEO_AVG_WATCH_TIME": 6628.0204081632655}}, {"date": "2026-02-07", "data_status": "READY", "metrics": {"VIDEO_MRC_VIEW": 48, "QUARTILE_95_PERCENT_VIEW": 2, "PIN_CLICK_RATE": 0.028186274509803922, "OUTBOUND_CLICK": 0, "PIN_CLICK": 23, "VIDEO_V50_WATCH_TIME": 430049, "ENGAGEMENT": 23, "IMPRESSION": 816, "ENGAGEMENT_RATE": 0.028186274509803922, "SAVE": 0, "VIDEO_10S_VIEW": 8, "VIDEO_START": 64, "OUTBOUND_CLICK_RATE": 0.0, "SAVE_RATE": 0.0, "VIDEO_AVG_WATCH_TIME": 6719.515625}}, {"date": "2026-02-08", "data_status": "READY", "metrics": {"VIDEO_MRC_VIEW": 46, "QUARTILE_95_PERCENT_VIEW": 4, "PIN_CLICK_RATE": 0.0297029702970297, "OUTBOUND_CLICK": 1, "PIN_CLICK": 21, "VIDEO_V50_WATCH_TIME": 425991, "ENGAGEMENT": 22, "IMPRESSION": 707, "ENGAGEMENT_RATE": 0.031117397454031116, "SAVE": 0, "VIDEO_10S_VIEW": 7, "VIDEO_START": 78, "OUTBOUND_CLICK_RATE": 0.0014144271570014145, "SAVE_RATE": 0.0, "VIDEO_AVG_WATCH_TIME": 5461.423076923077}}, {"date": "2026-02-09", "data_status": "READY", "metrics": {"VIDEO_MRC_VIEW": 84, "QUARTILE_95_PERCENT_VIEW": 7, "PIN_CLICK_RATE": 0.04261106074342702, "OUTBOUND_CLICK": 2, "PIN_CLICK": 47, "VIDEO_V50_WATCH_TIME": 924875, "ENGAGEMENT": 51, "IMPRESSION": 1103, "ENGAGEMENT_RATE": 0.04623753399818677, "SAVE": 5, "VIDEO_10S_VIEW": 20, "VIDEO_START": 124, "OUTBOUND_CLICK_RATE": 0.001813236627379873, "SAVE_RATE": 0.004533091568449683, "VIDEO_AVG_WATCH_TIME": 7458.669354838709}}, {"date": "2026-02-10", "data_status": "READY", "metrics": {"VIDEO_MRC_VIEW": 72, "QUARTILE_95_PERCENT_VIEW": 8, "PIN_CLICK_RATE": 0.028744326777609682, "OUTBOUND_CLICK": 3, "PIN_CLICK": 38, "VIDEO_V50_WATCH_TIME": 675008, "ENGAGEMENT": 43, "IMPRESSION": 1322, "ENGAGEMENT_RATE": 0.03252647503782148, "SAVE": 4, "VIDEO_10S_VIEW": 16, "VIDEO_START": 113, "OUTBOUND_CLICK_RATE": 0.0022692889561270802, "SAVE_RATE": 0.0030257186081694403, "VIDEO_AVG_WATCH_TIME": 5973.522123893806}}, {"date": "2026-02-11", "data_status": "PROCESSING", "metrics": {}}, {"date": "2026-02-12", "data_status": "PROCESSING", "metrics": {}}]}}
2026-02-12 17:32:09,574 [INFO] Final aggregated Pinterest stats: {'views': 35467, 'clicks': 846, 'saves': 83, 'engagements': 913, 'audience': 0}
2026-02-12 17:32:10,212 [INFO] Synced Pinterest metrics for BlackBrookCase
2026-02-12 17:32:10,538 [INFO] Sync complete. Returning 1 accounts to frontend.
2026-02-12 17:40:01,869 [INFO] Pinterest raw analytics response: {"all": {"summary_metrics": {"PIN_CLICK": 0, "PIN_CLICK_RATE": 0.0, "VIDEO_AVG_WATCH_TIME": 5709.0, "VIDEO_START": 1, "SAVE": 2, "SAVE_RATE": 0.011695906432748537, "VIDEO_MRC_VIEW": 1, "QUARTILE_95_PERCENT_VIEW": 0, "OUTBOUND_CLICK_RATE": 0.0, "ENGAGEMENT_RATE": 0.011695906432748537, "IMPRESSION": 171, "ENGAGEMENT": 2, "OUTBOUND_CLICK": 0, "VIDEO_V50_WATCH_TIME": 5709, "VIDEO_10S_VIEW": 0}, "daily_metrics": [{"date": "2026-01-13", "data_status": "BEFORE_BUSINESS_CREATED", "metrics": {}}, {"date": "2026-01-14", "data_status": "BEFORE_BUSINESS_CREATED", "metrics": {}}, {"date": "2026-01-15", "data_status": "BEFORE_BUSINESS_CREATED", "metrics": {}}, {"date": "2026-01-16", "data_status": "BEFORE_BUSINESS_CREATED", "metrics": {}}, {"date": "2026-01-17", "data_status": "BEFORE_BUSINESS_CREATED", "metrics": {}}, {"date": "2026-01-18", "data_status": "BEFORE_BUSINESS_CREATED", "metrics": {}}, {"date": "2026-01-19", "data_status": "BEFORE_BUSINESS_CREATED", "metrics": {}}, {"date": "2026-01-20", "data_status": "BEFORE_BUSINESS_CREATED", "metrics": {}}, {"date": "2026-01-21", "data_status": "BEFORE_BUSINESS_CREATED", "metrics": {}}, {"date": "2026-01-22", "data_status": "BEFORE_BUSINESS_CREATED", "metrics": {}}, {"date": "2026-01-23", "data_status": "BEFORE_BUSINESS_CREATED", "metrics": {}}, {"date": "2026-01-24", "data_status": "BEFORE_BUSINESS_CREATED", "metrics": {}}, {"date": "2026-01-25", "data_status": "BEFORE_BUSINESS_CREATED", "metrics": {}}, {"date": "2026-01-26", "data_status": "BEFORE_BUSINESS_CREATED", "metrics": {}}, {"date": "2026-01-27", "data_status": "BEFORE_BUSINESS_CREATED", "metrics": {}}, {"date": "2026-01-28", "data_status": "BEFORE_BUSINESS_CREATED", "metrics": {}}, {"date": "2026-01-29", "data_status": "BEFORE_BUSINESS_CREATED", "metrics": {}}, {"date": "2026-01-30", "data_status": "BEFORE_BUSINESS_CREATED", "metrics": {}}, {"date": "2026-01-31", "data_status": "BEFORE_BUSINESS_CREATED", "metrics": {}}, {"date": "2026-02-01", "data_status": "BEFORE_BUSINESS_CREATED", "metrics": {}}, {"date": "2026-02-02", "data_status": "BEFORE_BUSINESS_CREATED", "metrics": {}}, {"date": "2026-02-03", "data_status": "BEFORE_BUSINESS_CREATED", "metrics": {}}, {"date": "2026-02-04", "data_status": "BEFORE_BUSINESS_CREATED", "metrics": {}}, {"date": "2026-02-05", "data_status": "BEFORE_BUSINESS_CREATED", "metrics": {}}, {"date": "2026-02-06", "data_status": "BEFORE_BUSINESS_CREATED", "metrics": {}}, {"date": "2026-02-07", "data_status": "BEFORE_BUSINESS_CREATED", "metrics": {}}, {"date": "2026-02-08", "data_status": "BEFORE_BUSINESS_CREATED", "metrics": {}}, {"date": "2026-02-09", "data_status": "BEFORE_BUSINESS_CREATED", "metrics": {}}, {"date": "2026-02-10", "data_status": "READY", "metrics": {"PIN_CLICK": 0, "PIN_CLICK_RATE": 0.0, "VIDEO_AVG_WATCH_TIME": 5709.0, "VIDEO_START": 1, "SAVE": 2, "SAVE_RATE": 0.011695906432748537, "VIDEO_MRC_VIEW": 1, "QUARTILE_95_PERCENT_VIEW": 0, "OUTBOUND_CLICK_RATE": 0.0, "ENGAGEMENT_RATE": 0.011695906432748537, "IMPRESSION": 171, "ENGAGEMENT": 2, "OUTBOUND_CLICK": 0, "VIDEO_V50_WATCH_TIME": 5709, "VIDEO_10S_VIEW": 0}}, {"date": "2026-02-11", "data_status": "PROCESSING", "metrics": {}}, {"date": "2026-02-12", "data_status": "PROCESSING", "metrics": {}}]}}
2026-02-12 17:40:01,872 [INFO] Final aggregated Pinterest stats: {'views': 171, 'clicks': 0, 'saves': 2, 'engagements': 2, 'audience': 0}
2026-02-12 17:40:03,022 [INFO] Synced Pinterest metrics for ridgeoralsurgery
2026-02-12 18:02:44,562 [INFO] Shutting down...
2026-02-12 18:02:45,732 [INFO] Initializing DynamoDB tables...
2026-02-12 18:02:47,898 [INFO] Tables initialized.
2026-02-12 18:03:39,750 [INFO] Shutting down...
2026-02-12 18:03:41,134 [INFO] Initializing DynamoDB tables...
2026-02-12 18:03:43,275 [INFO] Tables initialized.
2026-02-12 18:07:56,538 [INFO] Shutting down...
2026-02-12 18:07:57,891 [INFO] Initializing DynamoDB tables...
2026-02-12 18:08:00,055 [INFO] Tables initialized.
2026-02-12 18:08:07,927 [INFO] Shutting down...
2026-02-12 18:08:08,657 [INFO] Initializing DynamoDB tables...
2026-02-12 18:08:10,721 [INFO] Tables initialized.
2026-02-12 18:08:20,743 [INFO] Shutting down...
2026-02-12 18:08:21,427 [INFO] Initializing DynamoDB tables...
2026-02-12 18:08:23,603 [INFO] Tables initialized.
2026-02-12 18:08:58,226 [INFO] Shutting down...
2026-02-12 18:08:59,192 [INFO] Initializing DynamoDB tables...
2026-02-12 18:09:01,276 [INFO] Tables initialized.
2026-02-12 18:10:16,520 [INFO] Meta login URL requested
2026-02-12 18:10:16,525 [INFO] Meta login URL generated in 0.004427s
2026-02-12 18:11:45,011 [INFO] Meta login URL requested
2026-02-12 18:11:45,014 [INFO] Meta login URL generated in 0.002624s
2026-02-12 18:14:16,248 [INFO] Shutting down...
2026-02-12 18:14:17,256 [INFO] Initializing DynamoDB tables...
2026-02-12 18:14:19,414 [INFO] Tables initialized.
2026-02-12 18:14:20,324 [INFO] Shutting down...
2026-02-12 18:14:20,996 [INFO] Initializing DynamoDB tables...
2026-02-12 18:14:23,107 [INFO] Tables initialized.
2026-02-12 18:14:32,487 [INFO] Shutting down...
2026-02-12 18:14:33,188 [INFO] Initializing DynamoDB tables...
2026-02-12 18:14:35,339 [INFO] Tables initialized.
2026-02-12 18:15:09,896 [INFO] Shutting down...
2026-02-12 18:15:10,928 [INFO] Initializing DynamoDB tables...
2026-02-12 18:15:13,254 [INFO] Tables initialized.
2026-02-12 18:15:19,010 [INFO] Shutting down...
2026-02-12 18:15:19,687 [INFO] Initializing DynamoDB tables...
2026-02-12 18:15:21,937 [INFO] Tables initialized.
2026-02-12 18:15:40,015 [INFO] Meta login URL requested
2026-02-12 18:15:40,016 [INFO] Generated Meta Auth URL: https://www.facebook.com/v19.0/dialog/oauth?client_id=1287295113220347&redirect_uri=http%3A%2F%2Flocalhost%3A8000%2Fauth%2Fmeta%2Fcallback&scope=pages_show_list%2Cpages_read_engagement%2Cpublic_profile%2Cread_insights&response_type=code
2026-02-12 18:15:40,016 [INFO] Meta login URL generated in 0.001072s
2026-02-12 18:16:22,181 [INFO] Instagram login URL requested
2026-02-12 18:16:22,183 [INFO] Instagram login URL generated in 0.002728s
2026-02-12 18:16:26,965 [INFO] Instagram login URL requested
2026-02-12 18:16:26,965 [INFO] Instagram login URL generated in 0.000361s
2026-02-12 18:17:35,446 [INFO] Meta login URL requested
2026-02-12 18:17:35,449 [INFO] Generated Meta Auth URL: https://www.facebook.com/v19.0/dialog/oauth?client_id=1287295113220347&redirect_uri=http%3A%2F%2Flocalhost%3A8000%2Fauth%2Fmeta%2Fcallback&scope=pages_show_list%2Cpages_read_engagement%2Cpublic_profile%2Cread_insights&response_type=code
2026-02-12 18:17:35,449 [INFO] Meta login URL generated in 0.002728s
2026-02-12 18:17:43,829 [INFO] Meta login URL requested
2026-02-12 18:17:43,841 [INFO] Generated Meta Auth URL: https://www.facebook.com/v19.0/dialog/oauth?client_id=1287295113220347&redirect_uri=http%3A%2F%2Flocalhost%3A8000%2Fauth%2Fmeta%2Fcallback&scope=pages_show_list%2Cpages_read_engagement%2Cpublic_profile%2Cread_insights&response_type=code
2026-02-12 18:17:43,842 [INFO] Meta login URL generated in 0.013594s
2026-02-12 18:18:09,058 [INFO] Shutting down...
2026-02-12 18:18:10,035 [INFO] Initializing DynamoDB tables...
2026-02-12 18:18:12,168 [INFO] Tables initialized.
2026-02-12 18:40:45,098 [INFO] Meta login URL requested
2026-02-12 18:40:45,104 [INFO] Generated Meta Auth URL: https://www.facebook.com/v19.0/dialog/oauth?client_id=1287295113220347&redirect_uri=http%3A%2F%2Flocalhost%3A8000%2Fauth%2Fmeta%2Fcallback&scope=pages_show_list%2Cpages_read_engagement%2Cpublic_profile%2Cread_insights&response_type=code
2026-02-12 18:42:27,640 [INFO] Meta login URL requested
2026-02-12 18:42:27,644 [INFO] Generated Meta Auth URL: https://www.facebook.com/v19.0/dialog/oauth?client_id=1287295113220347&redirect_uri=http%3A%2F%2Flocalhost%3A8000%2Fauth%2Fmeta%2Fcallback&scope=pages_show_list%2Cpages_read_engagement%2Cpublic_profile%2Cread_insights&response_type=code
2026-02-12 18:43:15,916 [INFO] Shutting down...
2026-02-12 18:43:19,107 [INFO] Initializing DynamoDB tables...
2026-02-12 18:43:21,204 [INFO] Tables initialized.
2026-02-12 18:43:26,925 [INFO] Meta login URL requested
2026-02-12 18:43:26,926 [INFO] Generated Meta Auth URL: https://www.facebook.com/v19.0/dialog/oauth?client_id=2133450794055961&redirect_uri=http%3A%2F%2Flocalhost%3A8000%2Fauth%2Fmeta%2Fcallback&scope=pages_show_list%2Cpages_read_engagement%2Cpublic_profile%2Cread_insights&response_type=code
2026-02-12 19:03:18,543 [INFO] Shutting down...
2026-02-12 19:03:19,661 [INFO] Initializing DynamoDB tables...
2026-02-12 19:03:21,821 [INFO] Tables initialized.
2026-02-12 19:03:39,198 [INFO] Shutting down...
2026-02-12 19:03:40,256 [INFO] Initializing DynamoDB tables...
2026-02-12 19:03:42,480 [INFO] Tables initialized.
2026-02-12 19:04:04,103 [INFO] Shutting down...
2026-02-12 19:04:05,089 [INFO] Initializing DynamoDB tables...
2026-02-12 19:04:07,265 [INFO] Tables initialized.
2026-02-12 19:04:19,304 [INFO] Shutting down...
2026-02-12 19:04:20,431 [INFO] Initializing DynamoDB tables...
2026-02-12 19:04:22,623 [INFO] Tables initialized.
2026-02-12 19:04:32,265 [INFO] Shutting down...
2026-02-12 19:04:33,189 [INFO] Initializing DynamoDB tables...
2026-02-12 19:04:35,266 [INFO] Tables initialized.
2026-02-12 19:04:43,451 [INFO] Shutting down...
2026-02-12 19:04:44,331 [INFO] Initializing DynamoDB tables...
2026-02-12 19:04:46,446 [INFO] Tables initialized.
2026-02-12 19:05:56,208 [INFO] Shutting down...
2026-02-12 19:06:05,859 [INFO] Initializing DynamoDB tables...
2026-02-12 19:06:08,308 [INFO] Tables initialized.
2026-02-12 19:08:05,474 [INFO] YouTube login URL requested
2026-02-12 19:08:58,628 [INFO] YouTube login URL requested
2026-02-12 19:10:07,974 [INFO] Meta login URL requested
2026-02-12 19:10:07,978 [INFO] Generated Meta Auth URL: https://www.facebook.com/v19.0/dialog/oauth?client_id=2133450794055961&redirect_uri=http%3A%2F%2Flocalhost%3A8000%2Fauth%2Fmeta%2Fcallback&scope=pages_show_list%2Cpages_read_engagement%2Cpublic_profile%2Cread_insights&response_type=code
2026-02-12 19:10:19,824 [INFO] Meta login URL requested
2026-02-12 19:10:19,830 [INFO] Generated Meta Auth URL: https://www.facebook.com/v19.0/dialog/oauth?client_id=2133450794055961&redirect_uri=http%3A%2F%2Flocalhost%3A8000%2Fauth%2Fmeta%2Fcallback&scope=pages_show_list%2Cpages_read_engagement%2Cpublic_profile%2Cread_insights&response_type=code
2026-02-12 19:25:05,520 [INFO] Shutting down...
